<?xml version="1.0" encoding="UTF-8"?>
<testng-results ignored="0" total="1" passed="1" failed="0" skipped="0">
  <reporter-output>
  </reporter-output>
  <suite started-at="2021-08-04T07:05:01Z" name="Default suite" finished-at="2021-08-04T07:05:29Z" duration-ms="28312">
    <groups>
      <group name="cucumber">
        <method signature="TestRunner.feature(cucumber.api.testng.CucumberFeatureWrapper)[pri:0, instance:com.qa.runner.TestRunner@609e8838]" name="feature" class="com.qa.runner.TestRunner"/>
      </group> <!-- cucumber -->
    </groups>
    <test started-at="2021-08-04T07:05:01Z" name="Default test" finished-at="2021-08-04T07:05:29Z" duration-ms="28312">
      <class name="com.qa.runner.TestRunner">
        <test-method is-config="true" signature="setUpClass()[pri:0, instance:com.qa.runner.TestRunner@609e8838]" started-at="2021-08-04T07:05:01Z" name="setUpClass" finished-at="2021-08-04T07:05:01Z" duration-ms="448" status="PASS">
          <reporter-output>
          </reporter-output>
        </test-method> <!-- setUpClass -->
        <test-method signature="feature(cucumber.api.testng.CucumberFeatureWrapper)[pri:0, instance:com.qa.runner.TestRunner@609e8838]" started-at="2021-08-04T07:05:01Z" name="feature" description="Runs Cucumber Feature" data-provider="features" finished-at="2021-08-04T07:05:29Z" duration-ms="27662" status="PASS">
          <params>
            <param index="0">
              <value>
                <![CDATA[Dynamics CRM application test]]>
              </value>
            </param>
          </params>
          <reporter-output>
          </reporter-output>
        </test-method> <!-- feature -->
        <test-method is-config="true" signature="tearDownClass()[pri:0, instance:com.qa.runner.TestRunner@609e8838]" started-at="2021-08-04T07:05:29Z" name="tearDownClass" finished-at="2021-08-04T07:05:29Z" duration-ms="32" status="PASS">
          <reporter-output>
          </reporter-output>
        </test-method> <!-- tearDownClass -->
      </class> <!-- com.qa.runner.TestRunner -->
    </test> <!-- Default test -->
  </suite> <!-- Default suite -->
</testng-results>
